app/build/intermediates/manifest_merge_blame_file/fullRelease/manifest-merger-blame-full-release-report.txt
1<?xml version="1.0" encoding="utf-8"?>
2<manifest xmlns:android="http://schemas.android.com/apk/res/android"
3    package="info.nightscout.androidaps"
4    android:versionCode="1500"
5    android:versionName="2.8.2-UAM_tsunami_0.4" >
6
7    <uses-sdk
8        android:minSdkVersion="26"
8-->src\main\AndroidManifest.xml
9        android:targetSdkVersion="28" />
9-->src\main\AndroidManifest.xml
10
11    <uses-permission android:name="android.permission.ACCESS_FINE_LOCATION" />
11-->src\main\AndroidManifest.xml:6:5-79
11-->src\main\AndroidManifest.xml:6:22-76
12    <uses-permission android:name="android.permission.RECEIVE_BOOT_COMPLETED" />
12-->src\main\AndroidManifest.xml:7:5-81
12-->src\main\AndroidManifest.xml:7:22-78
13    <uses-permission android:name="android.permission.BLUETOOTH" />
13-->src\main\AndroidManifest.xml:8:5-68
13-->src\main\AndroidManifest.xml:8:22-65
14    <uses-permission android:name="android.permission.BLUETOOTH_ADMIN" />
14-->src\main\AndroidManifest.xml:9:5-74
14-->src\main\AndroidManifest.xml:9:22-71
15    <uses-permission android:name="android.permission.SYSTEM_ALERT_WINDOW" />
15-->src\main\AndroidManifest.xml:10:5-78
15-->src\main\AndroidManifest.xml:10:22-75
16    <uses-permission android:name="android.permission.WRITE_EXTERNAL_STORAGE" />
16-->src\main\AndroidManifest.xml:11:5-81
16-->src\main\AndroidManifest.xml:11:22-78
17    <uses-permission android:name="android.permission.READ_EXTERNAL_STORAGE" />
17-->src\main\AndroidManifest.xml:12:5-80
17-->src\main\AndroidManifest.xml:12:22-77
18    <uses-permission android:name="android.permission.WAKE_LOCK" />
18-->src\main\AndroidManifest.xml:13:5-68
18-->src\main\AndroidManifest.xml:13:22-65
19    <uses-permission android:name="android.permission.RECEIVE_SMS" />
19-->src\main\AndroidManifest.xml:14:5-70
19-->src\main\AndroidManifest.xml:14:22-67
20    <uses-permission android:name="android.permission.RECEIVE_MMS" />
20-->src\main\AndroidManifest.xml:15:5-70
20-->src\main\AndroidManifest.xml:15:22-67
21    <uses-permission android:name="android.permission.SEND_SMS" />
21-->src\main\AndroidManifest.xml:16:5-67
21-->src\main\AndroidManifest.xml:16:22-64
22    <uses-permission android:name="android.permission.READ_PHONE_STATE" />
22-->src\main\AndroidManifest.xml:17:5-75
22-->src\main\AndroidManifest.xml:17:22-72
23    <uses-permission android:name="android.permission.SEND_MMS" />
23-->src\main\AndroidManifest.xml:18:5-67
23-->src\main\AndroidManifest.xml:18:22-64
24    <uses-permission android:name="android.permission.VIBRATE" />
24-->src\main\AndroidManifest.xml:19:5-66
24-->src\main\AndroidManifest.xml:19:22-63
25    <uses-permission android:name="android.permission.INTERNET" />
25-->src\main\AndroidManifest.xml:20:5-67
25-->src\main\AndroidManifest.xml:20:22-64
26    <uses-permission android:name="com.google.android.permission.PROVIDE_BACKGROUND" />
26-->src\main\AndroidManifest.xml:21:5-88
26-->src\main\AndroidManifest.xml:21:22-85
27    <uses-permission android:name="android.permission.FOREGROUND_SERVICE" />
27-->src\main\AndroidManifest.xml:22:5-77
27-->src\main\AndroidManifest.xml:22:22-74
28    <uses-permission android:name="android.permission.ACCESS_FINE_LOCATION" />
28-->src\main\AndroidManifest.xml:6:5-79
28-->src\main\AndroidManifest.xml:6:22-76
29    <uses-permission android:name="android.permission.ACCESS_COARSE_LOCATION" />
29-->src\main\AndroidManifest.xml:24:5-81
29-->src\main\AndroidManifest.xml:24:22-78
30    <uses-permission android:name="android.permission.ACCESS_NETWORK_STATE" />
30-->src\main\AndroidManifest.xml:25:5-79
30-->src\main\AndroidManifest.xml:25:22-76
31    <uses-permission android:name="android.permission.ACCESS_WIFI_STATE" />
31-->src\main\AndroidManifest.xml:26:5-76
31-->src\main\AndroidManifest.xml:26:22-73
32    <uses-permission android:name="com.dexcom.cgm.EXTERNAL_PERMISSION" />
32-->src\main\AndroidManifest.xml:27:5-74
32-->src\main\AndroidManifest.xml:27:22-71
33    <uses-permission android:name="android.permission.USE_FULL_SCREEN_INTENT" />
33-->src\main\AndroidManifest.xml:28:5-81
33-->src\main\AndroidManifest.xml:28:22-78
34
35    <uses-permission-sdk-23 android:name="android.permission.REQUEST_IGNORE_BATTERY_OPTIMIZATIONS" />
35-->src\main\AndroidManifest.xml:30:5-102
35-->src\main\AndroidManifest.xml:30:29-99
36
37    <!-- To receive data from xdrip. -->
38    <uses-permission android:name="com.eveningoutpost.dexdrip.permissions.RECEIVE_BG_ESTIMATE" />
38-->src\main\AndroidManifest.xml:33:5-98
38-->src\main\AndroidManifest.xml:33:22-95
39    <uses-permission android:name="android.permission.USE_BIOMETRIC" />
39-->[androidx.biometric:biometric:1.0.1] AndroidManifest.xml:24:5-72
39-->[androidx.biometric:biometric:1.0.1] AndroidManifest.xml:24:22-69
40    <uses-permission android:name="android.permission.USE_FINGERPRINT" />
40-->[androidx.biometric:biometric:1.0.1] AndroidManifest.xml:25:5-74
40-->[androidx.biometric:biometric:1.0.1] AndroidManifest.xml:25:22-71
41
42    <queries>
42-->[com.google.androidbrowserhelper:androidbrowserhelper:2.0.1] AndroidManifest.xml:26:5-34:15
43        <intent>
43-->[com.google.androidbrowserhelper:androidbrowserhelper:2.0.1] AndroidManifest.xml:27:9-33:18
44            <action android:name="android.intent.action.VIEW" />
44-->src\main\AndroidManifest.xml:57:17-69
44-->src\main\AndroidManifest.xml:57:25-66
45
46            <category android:name="android.intent.category.BROWSABLE" />
46-->src\main\AndroidManifest.xml:275:17-78
46-->src\main\AndroidManifest.xml:275:27-75
47
48            <data android:scheme="https" />
48-->src\main\AndroidManifest.xml:155:17-158:45
48-->src\main\AndroidManifest.xml:158:21-42
49        </intent>
50    </queries> <!-- Required by older versions of Google Play services to create IID tokens -->
51    <uses-permission android:name="com.google.android.c2dm.permission.RECEIVE" />
51-->[com.google.firebase:firebase-iid:20.3.0] AndroidManifest.xml:26:5-82
51-->[com.google.firebase:firebase-iid:20.3.0] AndroidManifest.xml:26:22-79
52    <uses-permission android:name="com.google.android.finsky.permission.BIND_GET_INSTALL_REFERRER_SERVICE" />
52-->[com.google.android.gms:play-services-measurement:17.6.0] AndroidManifest.xml:26:5-110
52-->[com.google.android.gms:play-services-measurement:17.6.0] AndroidManifest.xml:26:22-107
53
54    <application
55        android:name="info.nightscout.androidaps.MainApp"
55-->src\main\AndroidManifest.xml:36:9-32
56        android:allowBackup="true"
56-->src\main\AndroidManifest.xml:37:9-35
57        android:appComponentFactory="androidx.core.app.CoreComponentFactory"
57-->[androidx.core:core:1.3.2] AndroidManifest.xml:24:18-86
58        android:backupAgent="info.nightscout.androidaps.utils.SPBackupAgent"
58-->src\main\AndroidManifest.xml:44:9-51
59        android:extractNativeLibs="false"
60        android:fullBackupOnly="false"
60-->src\main\AndroidManifest.xml:43:9-39
61        android:icon="@mipmap/ic_launcher"
61-->src\main\AndroidManifest.xml:38:9-34
62        android:label="@string/app_name"
62-->src\main\AndroidManifest.xml:39:9-41
63        android:restoreAnyVersion="true"
63-->src\main\AndroidManifest.xml:45:9-41
64        android:roundIcon="@mipmap/ic_launcher_round"
64-->src\main\AndroidManifest.xml:40:9-44
65        android:supportsRtl="true"
65-->src\main\AndroidManifest.xml:41:9-35
66        android:theme="@style/AppTheme.Launcher" >
66-->src\main\AndroidManifest.xml:42:9-49
67        <meta-data
67-->src\main\AndroidManifest.xml:47:9-49:82
68            android:name="com.google.android.backup.api_key"
68-->src\main\AndroidManifest.xml:48:13-61
69            android:value="AEdPqrEAAAAI3JiApyMrbP2QFzZ2fYfCPsgjkRp53Dm2S1-zPQ" />
69-->src\main\AndroidManifest.xml:49:13-79
70        <meta-data
70-->src\main\AndroidManifest.xml:51:9-53:59
71            android:name="com.google.android.gms.car.application"
71-->src\main\AndroidManifest.xml:52:13-66
72            android:resource="@xml/automotive_app_desc" />
72-->src\main\AndroidManifest.xml:53:13-56
73
74        <activity android:name="info.nightscout.androidaps.MainActivity" >
74-->src\main\AndroidManifest.xml:55:9-61:20
74-->src\main\AndroidManifest.xml:55:19-47
75            <intent-filter>
75-->src\main\AndroidManifest.xml:56:13-60:29
76                <action android:name="android.intent.action.VIEW" />
76-->src\main\AndroidManifest.xml:57:17-69
76-->src\main\AndroidManifest.xml:57:25-66
77                <action android:name="android.intent.action.MAIN" />
77-->src\main\AndroidManifest.xml:58:17-69
77-->src\main\AndroidManifest.xml:58:25-66
78
79                <category android:name="android.intent.category.LAUNCHER" />
79-->src\main\AndroidManifest.xml:59:17-77
79-->src\main\AndroidManifest.xml:59:27-74
80            </intent-filter>
81        </activity>
82        <activity android:name="info.nightscout.androidaps.activities.PreferencesActivity" />
82-->src\main\AndroidManifest.xml:62:9-68
82-->src\main\AndroidManifest.xml:62:19-65
83        <activity android:name="info.nightscout.androidaps.plugins.general.overview.activities.QuickWizardListActivity" >
83-->src\main\AndroidManifest.xml:63:9-69:20
83-->src\main\AndroidManifest.xml:63:19-94
84            <intent-filter>
84-->src\main\AndroidManifest.xml:64:13-68:29
85                <action android:name="info.nightscout.androidaps.plugins.general.overview.activities.QuickWizardListActivity" />
85-->src\main\AndroidManifest.xml:65:17-129
85-->src\main\AndroidManifest.xml:65:25-126
86
87                <category android:name="android.intent.category.DEFAULT" />
87-->src\main\AndroidManifest.xml:67:17-76
87-->src\main\AndroidManifest.xml:67:27-73
88            </intent-filter>
89        </activity>
90        <activity android:name="info.nightscout.androidaps.plugins.general.maintenance.activities.PrefImportListActivity" />
90-->src\main\AndroidManifest.xml:70:9-99
90-->src\main\AndroidManifest.xml:70:19-96
91        <activity android:name="info.nightscout.androidaps.historyBrowser.HistoryBrowseActivity" />
91-->src\main\AndroidManifest.xml:71:9-74
91-->src\main\AndroidManifest.xml:71:19-71
92        <activity android:name="info.nightscout.androidaps.activities.SurveyActivity" />
92-->src\main\AndroidManifest.xml:72:9-63
92-->src\main\AndroidManifest.xml:72:19-60
93        <activity
93-->src\main\AndroidManifest.xml:73:9-74:60
94            android:name="info.nightscout.androidaps.activities.ProfileHelperActivity"
94-->src\main\AndroidManifest.xml:73:19-67
95            android:theme="@style/ProfileHelperAppTheme" />
95-->src\main\AndroidManifest.xml:74:13-57
96        <activity android:name="info.nightscout.androidaps.activities.StatsActivity" />
96-->src\main\AndroidManifest.xml:75:9-62
96-->src\main\AndroidManifest.xml:75:19-59
97        <activity
97-->src\main\AndroidManifest.xml:76:9-79:45
98            android:name="com.google.firebase.auth.internal.FederatedSignInActivity"
98-->src\main\AndroidManifest.xml:77:13-85
99            android:excludeFromRecents="true"
99-->[com.google.firebase:firebase-auth:19.4.0] AndroidManifest.xml:26:13-46
100            android:exported="true"
100-->[com.google.firebase:firebase-auth:19.4.0] AndroidManifest.xml:27:13-36
101            android:launchMode="standard"
101-->src\main\AndroidManifest.xml:79:13-42
102            android:permission="com.google.firebase.auth.api.gms.permission.LAUNCH_FEDERATED_SIGN_IN"
102-->[com.google.firebase:firebase-auth:19.4.0] AndroidManifest.xml:29:13-102
103            android:theme="@android:style/Theme.Translucent.NoTitleBar" />
103-->[com.google.firebase:firebase-auth:19.4.0] AndroidManifest.xml:30:13-72
104
105        <!-- Receive new BG readings from other local apps -->
106        <receiver
106-->src\main\AndroidManifest.xml:82:9-100:20
107            android:name="info.nightscout.androidaps.receivers.DataReceiver"
107-->src\main\AndroidManifest.xml:83:17-55
108            android:enabled="true"
108-->src\main\AndroidManifest.xml:84:17-39
109            android:exported="true" >
109-->src\main\AndroidManifest.xml:85:17-40
110            <intent-filter>
110-->src\main\AndroidManifest.xml:86:13-99:29
111
112                <!-- Receiver from xDrip -->
113                <action android:name="com.eveningoutpost.dexdrip.BgEstimate" />
113-->src\main\AndroidManifest.xml:88:17-79
113-->src\main\AndroidManifest.xml:88:25-77
114                <!-- Receiver from 640g uploader -->
115                <action android:name="com.eveningoutpost.dexdrip.NS_EMULATOR" />
115-->src\main\AndroidManifest.xml:90:17-80
115-->src\main\AndroidManifest.xml:90:25-78
116                <!-- Receiver from glimp -->
117                <action android:name="it.ct.glicemia.ACTION_GLUCOSE_MEASURED" />
117-->src\main\AndroidManifest.xml:92:17-80
117-->src\main\AndroidManifest.xml:92:25-78
118                <!-- Receiver from Dexcom -->
119                <action android:name="com.dexcom.cgm.EXTERNAL_BROADCAST" />
119-->src\main\AndroidManifest.xml:94:17-75
119-->src\main\AndroidManifest.xml:94:25-73
120                <!-- Receiver from Poctech -->
121                <action android:name="com.china.poctech.data" />
121-->src\main\AndroidManifest.xml:96:17-64
121-->src\main\AndroidManifest.xml:96:25-62
122                <!-- Receiver from Tomato -->
123                <action android:name="com.fanqies.tomatofn.BgEstimate" />
123-->src\main\AndroidManifest.xml:98:17-73
123-->src\main\AndroidManifest.xml:98:25-71
124            </intent-filter>
125        </receiver>
126
127        <!-- Receive new SMS messages -->
128        <receiver
128-->src\main\AndroidManifest.xml:103:9-111:20
129            android:name="info.nightscout.androidaps.receivers.SmsReceiver"
129-->src\main\AndroidManifest.xml:104:17-54
130            android:enabled="true"
130-->src\main\AndroidManifest.xml:105:17-39
131            android:exported="true"
131-->src\main\AndroidManifest.xml:106:17-40
132            android:permission="android.permission.BROADCAST_SMS" >
132-->src\main\AndroidManifest.xml:107:17-70
133            <intent-filter>
133-->src\main\AndroidManifest.xml:108:13-110:29
134                <action android:name="android.provider.Telephony.SMS_RECEIVED" />
134-->src\main\AndroidManifest.xml:109:17-81
134-->src\main\AndroidManifest.xml:109:25-79
135            </intent-filter>
136        </receiver>
137
138        <!-- Receiver keepalive, scheduled every 30 min -->
139        <receiver android:name="info.nightscout.androidaps.receivers.KeepAliveReceiver" />
139-->src\main\AndroidManifest.xml:114:9-65
139-->src\main\AndroidManifest.xml:114:19-62
140
141        <!-- Receive ignore 5m, 15m, 30m requests for carb notifications -->
142        <receiver android:name="info.nightscout.androidaps.plugins.aps.loop.CarbSuggestionReceiver" />
142-->src\main\AndroidManifest.xml:117:9-86
142-->src\main\AndroidManifest.xml:117:19-74
143
144        <!-- Auto start -->
145        <receiver
145-->src\main\AndroidManifest.xml:120:9-127:20
146            android:name="info.nightscout.androidaps.receivers.AutoStartReceiver"
146-->src\main\AndroidManifest.xml:121:13-56
147            android:enabled="true"
147-->src\main\AndroidManifest.xml:122:13-35
148            android:exported="true" >
148-->src\main\AndroidManifest.xml:123:13-36
149            <intent-filter>
149-->src\main\AndroidManifest.xml:124:13-126:29
150                <action android:name="android.intent.action.BOOT_COMPLETED" />
150-->src\main\AndroidManifest.xml:125:17-79
150-->src\main\AndroidManifest.xml:125:25-76
151            </intent-filter>
152        </receiver>
153
154        <provider
155            android:name="androidx.core.content.FileProvider"
155-->src\main\AndroidManifest.xml:130:13-62
156            android:authorities="info.nightscout.androidaps.fileprovider"
156-->src\main\AndroidManifest.xml:131:13-64
157            android:exported="false"
157-->src\main\AndroidManifest.xml:132:13-37
158            android:grantUriPermissions="true" >
158-->src\main\AndroidManifest.xml:133:13-47
159            <meta-data
159-->src\main\AndroidManifest.xml:134:13-136:53
160                android:name="android.support.FILE_PROVIDER_PATHS"
160-->src\main\AndroidManifest.xml:135:17-67
161                android:resource="@xml/filepaths" />
161-->src\main\AndroidManifest.xml:136:17-50
162        </provider>
163
164        <!-- Service processing incomming data -->
165        <service
165-->src\main\AndroidManifest.xml:140:9-142:40
166            android:name="info.nightscout.androidaps.services.DataService"
166-->src\main\AndroidManifest.xml:141:13-49
167            android:exported="false" />
167-->src\main\AndroidManifest.xml:142:13-37
168        <service
168-->src\main\AndroidManifest.xml:143:9-145:40
169            android:name="info.nightscout.androidaps.services.LocationService"
169-->src\main\AndroidManifest.xml:144:13-53
170            android:exported="false" />
170-->src\main\AndroidManifest.xml:145:13-37
171        <service
171-->src\main\AndroidManifest.xml:146:9-208:19
172            android:name="info.nightscout.androidaps.plugins.general.wear.wearintegration.WatchUpdaterService"
172-->src\main\AndroidManifest.xml:147:13-85
173            android:exported="true" >
173-->src\main\AndroidManifest.xml:148:13-36
174            <intent-filter>
174-->src\main\AndroidManifest.xml:149:13-207:29
175
176                <!-- <action android:name="com.google.android.gms.wearable.BIND_LISTENER" /> -->
177                <!-- listeners receive events that match the action and data filters -->
178                <action android:name="com.google.android.gms.wearable.CAPABILITY_CHANGED" />
178-->src\main\AndroidManifest.xml:152:17-93
178-->src\main\AndroidManifest.xml:152:25-90
179                <action android:name="com.google.android.gms.wearable.DATA_CHANGED" />
179-->src\main\AndroidManifest.xml:153:17-87
179-->src\main\AndroidManifest.xml:153:25-84
180
181                <data
181-->src\main\AndroidManifest.xml:155:17-158:45
182                    android:host="*"
182-->src\main\AndroidManifest.xml:156:21-37
183                    android:pathPrefix="/nightscout_watch_data"
183-->src\main\AndroidManifest.xml:157:21-64
184                    android:scheme="wear" />
184-->src\main\AndroidManifest.xml:158:21-42
185                <data
185-->src\main\AndroidManifest.xml:155:17-158:45
186                    android:host="*"
186-->src\main\AndroidManifest.xml:156:21-37
187                    android:pathPrefix="/nightscout_watch_data_resend"
187-->src\main\AndroidManifest.xml:157:21-64
188                    android:scheme="wear" />
188-->src\main\AndroidManifest.xml:158:21-42
189                <data
189-->src\main\AndroidManifest.xml:155:17-158:45
190                    android:host="*"
190-->src\main\AndroidManifest.xml:156:21-37
191                    android:pathPrefix="/nightscout_watch_cancel_bolus"
191-->src\main\AndroidManifest.xml:157:21-64
192                    android:scheme="wear" />
192-->src\main\AndroidManifest.xml:158:21-42
193                <data
193-->src\main\AndroidManifest.xml:155:17-158:45
194                    android:host="*"
194-->src\main\AndroidManifest.xml:156:21-37
195                    android:pathPrefix="/nightscout_watch_confirmactionstring"
195-->src\main\AndroidManifest.xml:157:21-64
196                    android:scheme="wear" />
196-->src\main\AndroidManifest.xml:158:21-42
197                <data
197-->src\main\AndroidManifest.xml:155:17-158:45
198                    android:host="*"
198-->src\main\AndroidManifest.xml:156:21-37
199                    android:pathPrefix="/nightscout_watch_initiateactionstring"
199-->src\main\AndroidManifest.xml:157:21-64
200                    android:scheme="wear" />
200-->src\main\AndroidManifest.xml:158:21-42
201                <data
201-->src\main\AndroidManifest.xml:155:17-158:45
202                    android:host="*"
202-->src\main\AndroidManifest.xml:156:21-37
203                    android:pathPrefix="/openwearsettings"
203-->src\main\AndroidManifest.xml:157:21-64
204                    android:scheme="wear" />
204-->src\main\AndroidManifest.xml:158:21-42
205                <data
205-->src\main\AndroidManifest.xml:155:17-158:45
206                    android:host="*"
206-->src\main\AndroidManifest.xml:156:21-37
207                    android:pathPrefix="/sendstatustowear"
207-->src\main\AndroidManifest.xml:157:21-64
208                    android:scheme="wear" />
208-->src\main\AndroidManifest.xml:158:21-42
209                <data
209-->src\main\AndroidManifest.xml:155:17-158:45
210                    android:host="*"
210-->src\main\AndroidManifest.xml:156:21-37
211                    android:pathPrefix="/sendpreferencestowear"
211-->src\main\AndroidManifest.xml:157:21-64
212                    android:scheme="wear" />
212-->src\main\AndroidManifest.xml:158:21-42
213                <data
213-->src\main\AndroidManifest.xml:155:17-158:45
214                    android:host="*"
214-->src\main\AndroidManifest.xml:156:21-37
215                    android:pathPrefix="/nightscout_watch_basal"
215-->src\main\AndroidManifest.xml:157:21-64
216                    android:scheme="wear" />
216-->src\main\AndroidManifest.xml:158:21-42
217                <data
217-->src\main\AndroidManifest.xml:155:17-158:45
218                    android:host="*"
218-->src\main\AndroidManifest.xml:156:21-37
219                    android:pathPrefix="/nightscout_watch_bolusprogress"
219-->src\main\AndroidManifest.xml:157:21-64
220                    android:scheme="wear" />
220-->src\main\AndroidManifest.xml:158:21-42
221                <data
221-->src\main\AndroidManifest.xml:155:17-158:45
222                    android:host="*"
222-->src\main\AndroidManifest.xml:156:21-37
223                    android:pathPrefix="/nightscout_watch_actionconfirmationrequest"
223-->src\main\AndroidManifest.xml:157:21-64
224                    android:scheme="wear" />
224-->src\main\AndroidManifest.xml:158:21-42
225                <data
225-->src\main\AndroidManifest.xml:155:17-158:45
226                    android:host="*"
226-->src\main\AndroidManifest.xml:156:21-37
227                    android:pathPrefix="/nightscout_watch_changeconfirmationrequest"
227-->src\main\AndroidManifest.xml:157:21-64
228                    android:scheme="wear" />
228-->src\main\AndroidManifest.xml:158:21-42
229                <data
229-->src\main\AndroidManifest.xml:155:17-158:45
230                    android:host="*"
230-->src\main\AndroidManifest.xml:156:21-37
231                    android:pathPrefix="/nightscout_watch_cancelnotificationrequest"
231-->src\main\AndroidManifest.xml:157:21-64
232                    android:scheme="wear" />
232-->src\main\AndroidManifest.xml:158:21-42
233            </intent-filter>
234        </service>
235        <service
235-->src\main\AndroidManifest.xml:209:9-212:39
236            android:name="info.nightscout.androidaps.plugins.general.nsclient.services.NSClientService"
236-->src\main\AndroidManifest.xml:210:13-78
237            android:enabled="true"
237-->src\main\AndroidManifest.xml:211:13-35
238            android:exported="true" />
238-->src\main\AndroidManifest.xml:212:13-36
239        <service
239-->src\main\AndroidManifest.xml:213:9-216:39
240            android:name="info.nightscout.androidaps.services.AlarmSoundService"
240-->src\main\AndroidManifest.xml:214:13-55
241            android:enabled="true"
241-->src\main\AndroidManifest.xml:215:13-35
242            android:exported="true" />
242-->src\main\AndroidManifest.xml:216:13-36
243        <service
243-->src\main\AndroidManifest.xml:217:9-219:40
244            android:name="info.nightscout.androidaps.plugins.general.overview.notifications.DismissNotificationService"
244-->src\main\AndroidManifest.xml:218:13-94
245            android:exported="false" />
245-->src\main\AndroidManifest.xml:219:13-37
246        <service android:name="info.nightscout.androidaps.plugins.general.persistentNotification.DummyService" />
246-->src\main\AndroidManifest.xml:221:9-88
246-->src\main\AndroidManifest.xml:221:18-85
247        <service android:name="info.nightscout.androidaps.plugins.pump.insight.connection_service.InsightConnectionService" />
247-->src\main\AndroidManifest.xml:222:9-101
247-->src\main\AndroidManifest.xml:222:18-98
248        <service android:name="info.nightscout.androidaps.plugins.pump.insight.InsightAlertService" />
248-->src\main\AndroidManifest.xml:223:9-77
248-->src\main\AndroidManifest.xml:223:18-74
249
250        <meta-data
250-->src\main\AndroidManifest.xml:225:9-227:72
251            android:name="io.fabric.ApiKey"
251-->src\main\AndroidManifest.xml:226:13-44
252            android:value="59d462666c664c57b29e1d79ea123e01f8057cfa" />
252-->src\main\AndroidManifest.xml:227:13-69
253
254        <activity
254-->src\main\AndroidManifest.xml:229:9-233:59
255            android:name="info.nightscout.androidaps.setupwizard.SetupWizardActivity"
255-->src\main\AndroidManifest.xml:230:13-60
256            android:configChanges="orientation|keyboardHidden|screenSize"
256-->src\main\AndroidManifest.xml:231:13-74
257            android:label="@string/title_activity_setup_wizard"
257-->src\main\AndroidManifest.xml:232:13-64
258            android:theme="@style/AppTheme.NoActionBar" />
258-->src\main\AndroidManifest.xml:233:13-56
259        <activity
259-->src\main\AndroidManifest.xml:235:9-237:47
260            android:name="info.nightscout.androidaps.activities.SingleFragmentActivity"
260-->src\main\AndroidManifest.xml:236:13-62
261            android:theme="@style/AppTheme" />
261-->src\main\AndroidManifest.xml:237:13-44
262        <activity android:name="info.nightscout.androidaps.plugins.general.maintenance.activities.LogSettingActivity" />
262-->src\main\AndroidManifest.xml:238:9-95
262-->src\main\AndroidManifest.xml:238:19-92
263        <activity
263-->src\main\AndroidManifest.xml:239:9-242:47
264            android:name="info.nightscout.androidaps.plugins.pump.insight.activities.InsightPairingActivity"
264-->src\main\AndroidManifest.xml:240:13-83
265            android:label="@string/insight_pairing"
265-->src\main\AndroidManifest.xml:241:13-52
266            android:theme="@style/AppTheme" />
266-->src\main\AndroidManifest.xml:242:13-44
267        <activity
267-->src\main\AndroidManifest.xml:243:9-248:57
268            android:name="info.nightscout.androidaps.plugins.pump.insight.activities.InsightAlertActivity"
268-->src\main\AndroidManifest.xml:244:13-81
269            android:excludeFromRecents="true"
269-->src\main\AndroidManifest.xml:246:13-46
270            android:label="@string/pump_alert"
270-->src\main\AndroidManifest.xml:245:13-47
271            android:launchMode="singleInstance"
271-->src\main\AndroidManifest.xml:247:13-48
272            android:theme="@style/InsightAlertDialog" />
272-->src\main\AndroidManifest.xml:248:13-54
273        <activity
273-->src\main\AndroidManifest.xml:249:9-252:47
274            android:name="info.nightscout.androidaps.plugins.pump.insight.activities.InsightPairingInformationActivity"
274-->src\main\AndroidManifest.xml:250:13-94
275            android:label="@string/pairing_information"
275-->src\main\AndroidManifest.xml:251:13-56
276            android:theme="@style/AppTheme" />
276-->src\main\AndroidManifest.xml:252:13-44
277        <activity android:name="info.nightscout.androidaps.activities.RequestDexcomPermissionActivity" />
277-->src\main\AndroidManifest.xml:253:9-80
277-->src\main\AndroidManifest.xml:253:19-77
278        <activity android:name="info.nightscout.androidaps.plugins.general.smsCommunicator.activities.SmsCommunicatorOtpActivity" >
278-->src\main\AndroidManifest.xml:254:9-260:20
278-->src\main\AndroidManifest.xml:254:19-104
279            <intent-filter>
279-->src\main\AndroidManifest.xml:255:13-259:29
280                <action android:name="info.nightscout.androidaps.plugins.general.smsCommunicator.activities.SmsCommunicatorOtpActivity" />
280-->src\main\AndroidManifest.xml:256:17-139
280-->src\main\AndroidManifest.xml:256:25-136
281
282                <category android:name="android.intent.category.DEFAULT" />
282-->src\main\AndroidManifest.xml:67:17-76
282-->src\main\AndroidManifest.xml:67:27-73
283            </intent-filter>
284        </activity>
285
286        <!-- Medtronic service and activities -->
287        <service
287-->src\main\AndroidManifest.xml:263:9-266:39
288            android:name="info.nightscout.androidaps.plugins.pump.medtronic.service.RileyLinkMedtronicService"
288-->src\main\AndroidManifest.xml:264:13-85
289            android:enabled="true"
289-->src\main\AndroidManifest.xml:265:13-35
290            android:exported="true" />
290-->src\main\AndroidManifest.xml:266:13-36
291
292        <activity android:name="info.nightscout.androidaps.plugins.pump.medtronic.dialog.MedtronicHistoryActivity" />
292-->src\main\AndroidManifest.xml:268:9-92
292-->src\main\AndroidManifest.xml:268:19-89
293        <activity
293-->src\main\AndroidManifest.xml:269:9-281:20
294            android:name="info.nightscout.androidaps.plugins.general.openhumans.OpenHumansLoginActivity"
294-->src\main\AndroidManifest.xml:269:19-85
295            android:launchMode="singleTop" >
295-->src\main\AndroidManifest.xml:270:13-43
296            <intent-filter>
296-->src\main\AndroidManifest.xml:271:13-280:29
297                <action android:name="android.intent.action.VIEW" />
297-->src\main\AndroidManifest.xml:57:17-69
297-->src\main\AndroidManifest.xml:57:25-66
298
299                <category android:name="android.intent.category.DEFAULT" />
299-->src\main\AndroidManifest.xml:67:17-76
299-->src\main\AndroidManifest.xml:67:27-73
300                <category android:name="android.intent.category.BROWSABLE" />
300-->src\main\AndroidManifest.xml:275:17-78
300-->src\main\AndroidManifest.xml:275:27-75
301
302                <data
302-->src\main\AndroidManifest.xml:155:17-158:45
303                    android:host="setup-openhumans"